{
"contracts/IMPT.sol":{"l":{"29":8,"30":7,"31":6,"32":6,"33":30,"34":30,"43":5,"44":4,"51":1,"52":1,"62":33},"path":"/home/hoysal/TA/impt-token/contracts/IMPT.sol","s":{"1":8,"2":7,"3":6,"4":6,"5":30,"6":30,"7":5,"8":4,"9":1,"10":1,"11":33},"b":{"1":[7,1],"2":[6,1],"3":[30,0],"4":[5,1],"5":[1,1],"6":[33,2]},"f":{"1":8,"2":5,"3":1,"4":33},"fnMap":{"1":{"name":"constructor","line":28,"loc":{"start":{"line":22,"column":4},"end":{"line":36,"column":4}}},"2":{"name":"pause","line":42,"loc":{"start":{"line":42,"column":4},"end":{"line":45,"column":4}}},"3":{"name":"unpause","line":50,"loc":{"start":{"line":50,"column":4},"end":{"line":53,"column":4}}},"4":{"name":"_beforeTokenTransfer","line":61,"loc":{"start":{"line":57,"column":4},"end":{"line":63,"column":4}}}},"statementMap":{"1":{"start":{"line":29,"column":8},"end":{"line":29,"column":78}},"2":{"start":{"line":30,"column":8},"end":{"line":30,"column":69}},"3":{"start":{"line":31,"column":8},"end":{"line":31,"column":37}},"4":{"start":{"line":32,"column":8},"end":{"line":32,"column":1185}},"5":{"start":{"line":33,"column":12},"end":{"line":33,"column":61}},"6":{"start":{"line":34,"column":12},"end":{"line":34,"column":52}},"7":{"start":{"line":43,"column":8},"end":{"line":43,"column":15}},"8":{"start":{"line":44,"column":8},"end":{"line":44,"column":19}},"9":{"start":{"line":51,"column":8},"end":{"line":51,"column":17}},"10":{"start":{"line":52,"column":8},"end":{"line":52,"column":19}},"11":{"start":{"line":62,"column":8},"end":{"line":62,"column":51}}},"branchMap":{"1":{"line":29,"type":"if","locations":[{"start":{"line":29,"column":8},"end":{"line":29,"column":8}},{"start":{"line":29,"column":8},"end":{"line":29,"column":8}}]},"2":{"line":30,"type":"if","locations":[{"start":{"line":30,"column":8},"end":{"line":30,"column":8}},{"start":{"line":30,"column":8},"end":{"line":30,"column":8}}]},"3":{"line":33,"type":"if","locations":[{"start":{"line":33,"column":12},"end":{"line":33,"column":12}},{"start":{"line":33,"column":12},"end":{"line":33,"column":12}}]},"4":{"line":42,"type":"if","locations":[{"start":{"line":42,"column":28},"end":{"line":42,"column":28}},{"start":{"line":42,"column":28},"end":{"line":42,"column":28}}]},"5":{"line":50,"type":"if","locations":[{"start":{"line":50,"column":30},"end":{"line":50,"column":30}},{"start":{"line":50,"column":30},"end":{"line":50,"column":30}}]},"6":{"line":61,"type":"if","locations":[{"start":{"line":61,"column":24},"end":{"line":61,"column":24}},{"start":{"line":61,"column":24},"end":{"line":61,"column":24}}]}}},
"contracts/TwoStageOwnable.sol":{"l":{"9":1,"13":3,"20":9,"21":8,"25":3,"26":2,"27":2,"35":5,"36":5,"40":15,"41":11,"45":5,"46":5,"47":5,"48":5,"49":5,"52":10,"53":10,"54":10,"55":10},"path":"/home/hoysal/TA/impt-token/contracts/TwoStageOwnable.sol","s":{"1":1,"2":3,"3":9,"4":8,"5":3,"6":2,"7":2,"8":5,"9":5,"10":15,"11":5,"12":0,"13":5,"14":5,"15":5,"16":10,"17":0,"18":10},"b":{"1":[8,1],"2":[2,1],"3":[5,2],"4":[11,4],"5":[0,5],"6":[5,0],"7":[5,0],"8":[0,10]},"f":{"1":1,"2":3,"3":9,"4":3,"5":5,"6":15,"7":5,"8":10},"fnMap":{"1":{"name":"nominatedOwner","line":8,"loc":{"start":{"line":8,"column":4},"end":{"line":10,"column":4}}},"2":{"name":"owner","line":12,"loc":{"start":{"line":12,"column":4},"end":{"line":14,"column":4}}},"3":{"name":"constructor","line":19,"loc":{"start":{"line":19,"column":4},"end":{"line":22,"column":4}}},"4":{"name":"acceptOwnership","line":24,"loc":{"start":{"line":24,"column":4},"end":{"line":28,"column":4}}},"5":{"name":"nominateNewOwner","line":32,"loc":{"start":{"line":30,"column":4},"end":{"line":37,"column":4}}},"6":{"name":"onlyOwner","line":39,"loc":{"start":{"line":39,"column":4},"end":{"line":42,"column":4}}},"7":{"name":"_nominateNewOwner","line":44,"loc":{"start":{"line":44,"column":4},"end":{"line":50,"column":4}}},"8":{"name":"_setOwner","line":51,"loc":{"start":{"line":51,"column":4},"end":{"line":56,"column":4}}}},"statementMap":{"1":{"start":{"line":9,"column":8},"end":{"line":9,"column":30}},"2":{"start":{"line":13,"column":8},"end":{"line":13,"column":21}},"3":{"start":{"line":20,"column":8},"end":{"line":20,"column":52}},"4":{"start":{"line":21,"column":8},"end":{"line":21,"column":24}},"5":{"start":{"line":25,"column":8},"end":{"line":25,"column":75}},"6":{"start":{"line":26,"column":8},"end":{"line":26,"column":33}},"7":{"start":{"line":27,"column":8},"end":{"line":27,"column":19}},"8":{"start":{"line":35,"column":8},"end":{"line":35,"column":32}},"9":{"start":{"line":36,"column":8},"end":{"line":36,"column":19}},"10":{"start":{"line":40,"column":8},"end":{"line":40,"column":49}},"11":{"start":{"line":45,"column":8},"end":{"line":45,"column":45}},"12":{"start":{"line":45,"column":39},"end":{"line":45,"column":45}},"13":{"start":{"line":46,"column":8},"end":{"line":46,"column":49}},"14":{"start":{"line":47,"column":8},"end":{"line":47,"column":52}},"15":{"start":{"line":49,"column":8},"end":{"line":49,"column":35}},"16":{"start":{"line":52,"column":8},"end":{"line":52,"column":38}},"17":{"start":{"line":52,"column":32},"end":{"line":52,"column":38}},"18":{"start":{"line":55,"column":8},"end":{"line":55,"column":35}}},"branchMap":{"1":{"line":20,"type":"if","locations":[{"start":{"line":20,"column":8},"end":{"line":20,"column":8}},{"start":{"line":20,"column":8},"end":{"line":20,"column":8}}]},"2":{"line":25,"type":"if","locations":[{"start":{"line":25,"column":8},"end":{"line":25,"column":8}},{"start":{"line":25,"column":8},"end":{"line":25,"column":8}}]},"3":{"line":32,"type":"if","locations":[{"start":{"line":32,"column":8},"end":{"line":32,"column":8}},{"start":{"line":32,"column":8},"end":{"line":32,"column":8}}]},"4":{"line":40,"type":"if","locations":[{"start":{"line":40,"column":8},"end":{"line":40,"column":8}},{"start":{"line":40,"column":8},"end":{"line":40,"column":8}}]},"5":{"line":45,"type":"if","locations":[{"start":{"line":45,"column":8},"end":{"line":45,"column":8}},{"start":{"line":45,"column":8},"end":{"line":45,"column":8}}]},"6":{"line":46,"type":"if","locations":[{"start":{"line":46,"column":8},"end":{"line":46,"column":8}},{"start":{"line":46,"column":8},"end":{"line":46,"column":8}}]},"7":{"line":47,"type":"if","locations":[{"start":{"line":47,"column":8},"end":{"line":47,"column":8}},{"start":{"line":47,"column":8},"end":{"line":47,"column":8}}]},"8":{"line":52,"type":"if","locations":[{"start":{"line":52,"column":8},"end":{"line":52,"column":8}},{"start":{"line":52,"column":8},"end":{"line":52,"column":8}}]}}}}
