TN:
SF:/home/hoysal/TA/impt-token/contracts/IMPT.sol
FN:28,constructor
FN:42,pause
FN:51,unpause
FN:62,_beforeTokenTransfer
FNF:4
FNH:4
FNDA:6,constructor
FNDA:2,pause
FNDA:1,unpause
FNDA:33,_beforeTokenTransfer
DA:29,6
DA:30,6
DA:31,6
DA:32,6
DA:33,30
DA:34,30
DA:43,2
DA:44,2
DA:52,1
DA:53,1
DA:63,33
LF:11
LH:11
BRDA:29,1,0,6
BRDA:29,1,1,0
BRDA:30,2,0,6
BRDA:30,2,1,0
BRDA:33,3,0,30
BRDA:33,3,1,0
BRDA:42,4,0,2
BRDA:42,4,1,0
BRDA:51,5,0,1
BRDA:51,5,1,0
BRDA:62,6,0,33
BRDA:62,6,1,2
BRF:12
BRH:7
end_of_record
TN:
SF:/home/hoysal/TA/impt-token/contracts/TwoStageOwnable.sol
FN:8,nominatedOwner
FN:12,owner
FN:19,constructor
FN:24,acceptOwnership
FN:32,nominateNewOwner
FN:39,onlyOwner
FN:44,_nominateNewOwner
FN:51,_setOwner
FNF:8
FNH:7
FNDA:0,nominatedOwner
FNDA:3,owner
FNDA:6,constructor
FNDA:1,acceptOwnership
FNDA:1,nominateNewOwner
FNDA:6,onlyOwner
FNDA:1,_nominateNewOwner
FNDA:7,_setOwner
DA:9,0
DA:13,3
DA:20,6
DA:21,6
DA:25,1
DA:26,1
DA:27,1
DA:35,1
DA:36,1
DA:40,6
DA:41,4
DA:45,1
DA:46,1
DA:47,1
DA:48,1
DA:49,1
DA:52,7
DA:53,7
DA:54,7
DA:55,7
LF:20
LH:19
BRDA:20,1,0,6
BRDA:20,1,1,0
BRDA:25,2,0,1
BRDA:25,2,1,0
BRDA:32,3,0,1
BRDA:32,3,1,2
BRDA:40,4,0,4
BRDA:40,4,1,2
BRDA:45,5,0,0
BRDA:45,5,1,1
BRDA:46,6,0,1
BRDA:46,6,1,0
BRDA:47,7,0,1
BRDA:47,7,1,0
BRDA:52,8,0,0
BRDA:52,8,1,7
BRF:16
BRH:10
end_of_record
