TN:
SF:/home/hoysal/TA/impt-token/contracts/IMPT.sol
FN:28,constructor
FN:42,pause
FN:50,unpause
FN:61,_beforeTokenTransfer
FNF:4
FNH:4
FNDA:8,constructor
FNDA:5,pause
FNDA:1,unpause
FNDA:33,_beforeTokenTransfer
DA:29,8
DA:30,7
DA:31,6
DA:32,6
DA:33,30
DA:34,30
DA:43,5
DA:44,4
DA:51,1
DA:52,1
DA:62,33
LF:11
LH:11
BRDA:29,1,0,7
BRDA:29,1,1,1
BRDA:30,2,0,6
BRDA:30,2,1,1
BRDA:33,3,0,30
BRDA:33,3,1,0
BRDA:42,4,0,5
BRDA:42,4,1,1
BRDA:50,5,0,1
BRDA:50,5,1,1
BRDA:61,6,0,33
BRDA:61,6,1,2
BRF:12
BRH:11
end_of_record
TN:
SF:/home/hoysal/TA/impt-token/contracts/TwoStageOwnable.sol
FN:8,nominatedOwner
FN:12,owner
FN:19,constructor
FN:24,acceptOwnership
FN:32,nominateNewOwner
FN:39,onlyOwner
FN:44,_nominateNewOwner
FN:51,_setOwner
FNF:8
FNH:8
FNDA:1,nominatedOwner
FNDA:3,owner
FNDA:9,constructor
FNDA:3,acceptOwnership
FNDA:5,nominateNewOwner
FNDA:15,onlyOwner
FNDA:5,_nominateNewOwner
FNDA:10,_setOwner
DA:9,1
DA:13,3
DA:20,9
DA:21,8
DA:25,3
DA:26,2
DA:27,2
DA:35,5
DA:36,5
DA:40,15
DA:41,11
DA:45,5
DA:46,5
DA:47,5
DA:48,5
DA:49,5
DA:52,10
DA:53,10
DA:54,10
DA:55,10
LF:20
LH:20
BRDA:20,1,0,8
BRDA:20,1,1,1
BRDA:25,2,0,2
BRDA:25,2,1,1
BRDA:32,3,0,5
BRDA:32,3,1,2
BRDA:40,4,0,11
BRDA:40,4,1,4
BRDA:45,5,0,0
BRDA:45,5,1,5
BRDA:46,6,0,5
BRDA:46,6,1,0
BRDA:47,7,0,5
BRDA:47,7,1,0
BRDA:52,8,0,0
BRDA:52,8,1,10
BRF:16
BRH:12
end_of_record
